<?xml version="1.0" encoding="UTF-8"?>
<testng-results ignored="0" total="3" passed="3" failed="0" skipped="0">
  <reporter-output>
  </reporter-output>
  <suite started-at="2024-06-01T11:59:04 IST" name="FanCode API Automation" finished-at="2024-06-01T11:59:13 IST" duration-ms="9068">
    <groups>
    </groups>
    <test started-at="2024-06-01T11:59:04 IST" name="Todos API Automation" finished-at="2024-06-01T11:59:13 IST" duration-ms="9068">
      <class name="tests.TodosTest">
        <test-method is-config="true" signature="baseSetup()[pri:0, instance:tests.TodosTest@6872f9c8]" started-at="2024-06-01T11:59:03 IST" name="baseSetup" finished-at="2024-06-01T11:59:04 IST" duration-ms="1265" status="PASS">
          <reporter-output>
          </reporter-output>
        </test-method> <!-- baseSetup -->
        <test-method is-config="true" signature="getAllFanCodeUsers()[pri:0, instance:tests.TodosTest@6872f9c8]" started-at="2024-06-01T11:59:04 IST" name="getAllFanCodeUsers" finished-at="2024-06-01T11:59:09 IST" duration-ms="5266" status="PASS">
          <reporter-output>
          </reporter-output>
        </test-method> <!-- getAllFanCodeUsers -->
        <test-method signature="verifyFancodeUsersCompletedTaskPercentShouldBeGreaterThan50(int)[pri:0, instance:tests.TodosTest@6872f9c8]" started-at="2024-06-01T11:59:09 IST" name="verifyFancodeUsersCompletedTaskPercentShouldBeGreaterThan50" data-provider="userId" finished-at="2024-06-01T11:59:11 IST" duration-ms="1464" status="PASS">
          <params>
            <param index="0">
              <value>
                <![CDATA[1]]>
              </value>
            </param>
          </params>
          <reporter-output>
          </reporter-output>
        </test-method> <!-- verifyFancodeUsersCompletedTaskPercentShouldBeGreaterThan50 -->
        <test-method signature="verifyFancodeUsersCompletedTaskPercentShouldBeGreaterThan50(int)[pri:0, instance:tests.TodosTest@6872f9c8]" started-at="2024-06-01T11:59:11 IST" name="verifyFancodeUsersCompletedTaskPercentShouldBeGreaterThan50" data-provider="userId" finished-at="2024-06-01T11:59:12 IST" duration-ms="1071" status="PASS">
          <params>
            <param index="0">
              <value>
                <![CDATA[5]]>
              </value>
            </param>
          </params>
          <reporter-output>
          </reporter-output>
        </test-method> <!-- verifyFancodeUsersCompletedTaskPercentShouldBeGreaterThan50 -->
        <test-method signature="verifyFancodeUsersCompletedTaskPercentShouldBeGreaterThan50(int)[pri:0, instance:tests.TodosTest@6872f9c8]" started-at="2024-06-01T11:59:12 IST" name="verifyFancodeUsersCompletedTaskPercentShouldBeGreaterThan50" data-provider="userId" finished-at="2024-06-01T11:59:13 IST" duration-ms="1060" status="PASS">
          <params>
            <param index="0">
              <value>
                <![CDATA[10]]>
              </value>
            </param>
          </params>
          <reporter-output>
          </reporter-output>
        </test-method> <!-- verifyFancodeUsersCompletedTaskPercentShouldBeGreaterThan50 -->
      </class> <!-- tests.TodosTest -->
    </test> <!-- Todos API Automation -->
  </suite> <!-- FanCode API Automation -->
</testng-results>
