<?xml version="1.0" encoding="UTF-8"?>
<testsuite xmlns:xsi="http://www.w3.org/2001/XMLSchema-instance" xsi:noNamespaceSchemaLocation="https://maven.apache.org/surefire/maven-surefire-plugin/xsd/surefire-test-report-3.0.xsd" version="3.0" name="TestSuite" time="12.432" tests="3" errors="0" skipped="0" failures="0">
  <properties>
[...]
</properties>
  <testcase name="verifyFancodeUsersCompletedTaskPercentShouldBeGreaterThan50[1](1)" classname="tests.TodosTest" time="1.568">
    <system-err><![CDATA[SLF4J: Failed to load class "org.slf4j.impl.StaticLoggerBinder".
SLF4J: Defaulting to no-operation (NOP) logger implementation
SLF4J: See http://www.slf4j.org/codes.html#StaticLoggerBinder for further details.
]]></system-err>
  </testcase>
  <testcase name="verifyFancodeUsersCompletedTaskPercentShouldBeGreaterThan50[5](2)" classname="tests.TodosTest" time="1.074"/>
  <testcase name="verifyFancodeUsersCompletedTaskPercentShouldBeGreaterThan50[10](3)" classname="tests.TodosTest" time="1.062"/>
</testsuite>