<?xml version="1.0" encoding="UTF-8"?>
<!-- Generated by org.testng.reporters.JUnitXMLReporter -->
<testsuite ignored="0" hostname="NTPL-IT-MAC-LAP0280" failures="0" tests="3" name="Todos API Automation" time="9.068" errors="0" timestamp="2024-06-01T11:59:13 IST">
  <testcase classname="tests.TodosTest" name="verifyFancodeUsersCompletedTaskPercentShouldBeGreaterThan50" time="1.464"/>
  <testcase classname="tests.TodosTest" name="verifyFancodeUsersCompletedTaskPercentShouldBeGreaterThan50" time="1.071"/>
  <testcase classname="tests.TodosTest" name="verifyFancodeUsersCompletedTaskPercentShouldBeGreaterThan50" time="1.06"/>
</testsuite> <!-- Todos API Automation -->
